{"D:\\01. STUDY\\BE_NODEJS45\\Express\\be_cyber_media\\src\\common\\constant\\app.constant.js": {"path":"D:\\01. STUDY\\BE_NODEJS45\\Express\\be_cyber_media\\src\\common\\constant\\app.constant.js","statementMap":{"0":{"start":{"line":1,"column":35},"end":{"line":1,"column":66}},"1":{"start":{"line":2,"column":36},"end":{"line":2,"column":68}},"2":{"start":{"line":4,"column":36},"end":{"line":4,"column":68}},"3":{"start":{"line":5,"column":37},"end":{"line":5,"column":70}}},"fnMap":{},"branchMap":{},"s":{"0":1,"1":1,"2":1,"3":1},"f":{},"b":{},"_coverageSchema":"1a1c01bbd47fc00a2c39e90264f33305004495a9","hash":"5f05feda23b7affda00e8a0c3e485817c3b07a51"}
,"D:\\01. STUDY\\BE_NODEJS45\\Express\\be_cyber_media\\src\\common\\helpers\\error.helper.js": {"path":"D:\\01. STUDY\\BE_NODEJS45\\Express\\be_cyber_media\\src\\common\\helpers\\error.helper.js","statementMap":{"0":{"start":{"line":3,"column":49},"end":{"line":3,"column":52}},"1":{"start":{"line":6,"column":28},"end":{"line":24,"column":1}},"2":{"start":{"line":7,"column":2},"end":{"line":7,"column":49}},"3":{"start":{"line":12,"column":2},"end":{"line":15,"column":3}},"4":{"start":{"line":13,"column":4},"end":{"line":13,"column":19}},"5":{"start":{"line":14,"column":4},"end":{"line":14,"column":34}},"6":{"start":{"line":17,"column":2},"end":{"line":20,"column":3}},"7":{"start":{"line":18,"column":4},"end":{"line":18,"column":19}},"8":{"start":{"line":19,"column":4},"end":{"line":19,"column":34}},"9":{"start":{"line":22,"column":18},"end":{"line":22,"column":54}},"10":{"start":{"line":23,"column":2},"end":{"line":23,"column":41}},"11":{"start":{"line":30,"column":4},"end":{"line":30,"column":19}},"12":{"start":{"line":31,"column":4},"end":{"line":31,"column":20}},"13":{"start":{"line":38,"column":4},"end":{"line":38,"column":19}},"14":{"start":{"line":39,"column":4},"end":{"line":39,"column":20}},"15":{"start":{"line":46,"column":4},"end":{"line":46,"column":19}},"16":{"start":{"line":47,"column":4},"end":{"line":47,"column":20}}},"fnMap":{"0":{"name":"(anonymous_0)","decl":{"start":{"line":6,"column":28},"end":{"line":6,"column":29}},"loc":{"start":{"line":6,"column":53},"end":{"line":24,"column":1}},"line":6},"1":{"name":"(anonymous_1)","decl":{"start":{"line":29,"column":2},"end":{"line":29,"column":3}},"loc":{"start":{"line":29,"column":43},"end":{"line":32,"column":3}},"line":29},"2":{"name":"(anonymous_2)","decl":{"start":{"line":37,"column":2},"end":{"line":37,"column":3}},"loc":{"start":{"line":37,"column":42},"end":{"line":40,"column":3}},"line":37},"3":{"name":"(anonymous_3)","decl":{"start":{"line":45,"column":2},"end":{"line":45,"column":3}},"loc":{"start":{"line":45,"column":46},"end":{"line":48,"column":3}},"line":45}},"branchMap":{"0":{"loc":{"start":{"line":12,"column":2},"end":{"line":15,"column":3}},"type":"if","locations":[{"start":{"line":12,"column":2},"end":{"line":15,"column":3}},{"start":{},"end":{}}],"line":12},"1":{"loc":{"start":{"line":17,"column":2},"end":{"line":20,"column":3}},"type":"if","locations":[{"start":{"line":17,"column":2},"end":{"line":20,"column":3}},{"start":{},"end":{}}],"line":17},"2":{"loc":{"start":{"line":29,"column":14},"end":{"line":29,"column":41}},"type":"default-arg","locations":[{"start":{"line":29,"column":24},"end":{"line":29,"column":41}}],"line":29},"3":{"loc":{"start":{"line":37,"column":14},"end":{"line":37,"column":40}},"type":"default-arg","locations":[{"start":{"line":37,"column":24},"end":{"line":37,"column":40}}],"line":37},"4":{"loc":{"start":{"line":45,"column":14},"end":{"line":45,"column":44}},"type":"default-arg","locations":[{"start":{"line":45,"column":24},"end":{"line":45,"column":44}}],"line":45}},"s":{"0":1,"1":1,"2":0,"3":0,"4":0,"5":0,"6":0,"7":0,"8":0,"9":0,"10":0,"11":0,"12":0,"13":0,"14":0,"15":0,"16":0},"f":{"0":0,"1":0,"2":0,"3":0},"b":{"0":[0,0],"1":[0,0],"2":[0],"3":[0],"4":[0]},"_coverageSchema":"1a1c01bbd47fc00a2c39e90264f33305004495a9","hash":"ee45c8500868c58bc14754c89a696c8bb83c8655"}
,"D:\\01. STUDY\\BE_NODEJS45\\Express\\be_cyber_media\\src\\common\\helpers\\response.helper.js": {"path":"D:\\01. STUDY\\BE_NODEJS45\\Express\\be_cyber_media\\src\\common\\helpers\\response.helper.js","statementMap":{"0":{"start":{"line":3,"column":31},"end":{"line":15,"column":1}},"1":{"start":{"line":8,"column":2},"end":{"line":14,"column":4}},"2":{"start":{"line":18,"column":29},"end":{"line":29,"column":1}},"3":{"start":{"line":23,"column":2},"end":{"line":28,"column":4}}},"fnMap":{"0":{"name":"(anonymous_0)","decl":{"start":{"line":3,"column":31},"end":{"line":3,"column":32}},"loc":{"start":{"line":7,"column":5},"end":{"line":15,"column":1}},"line":7},"1":{"name":"(anonymous_1)","decl":{"start":{"line":18,"column":29},"end":{"line":18,"column":30}},"loc":{"start":{"line":22,"column":5},"end":{"line":29,"column":1}},"line":22}},"branchMap":{"0":{"loc":{"start":{"line":4,"column":2},"end":{"line":4,"column":17}},"type":"default-arg","locations":[{"start":{"line":4,"column":13},"end":{"line":4,"column":17}}],"line":4},"1":{"loc":{"start":{"line":5,"column":2},"end":{"line":5,"column":16}},"type":"default-arg","locations":[{"start":{"line":5,"column":12},"end":{"line":5,"column":16}}],"line":5},"2":{"loc":{"start":{"line":6,"column":2},"end":{"line":6,"column":12}},"type":"default-arg","locations":[{"start":{"line":6,"column":9},"end":{"line":6,"column":12}}],"line":6},"3":{"loc":{"start":{"line":19,"column":2},"end":{"line":19,"column":35}},"type":"default-arg","locations":[{"start":{"line":19,"column":12},"end":{"line":19,"column":35}}],"line":19},"4":{"loc":{"start":{"line":20,"column":2},"end":{"line":20,"column":12}},"type":"default-arg","locations":[{"start":{"line":20,"column":9},"end":{"line":20,"column":12}}],"line":20},"5":{"loc":{"start":{"line":21,"column":2},"end":{"line":21,"column":14}},"type":"default-arg","locations":[{"start":{"line":21,"column":10},"end":{"line":21,"column":14}}],"line":21}},"s":{"0":1,"1":0,"2":1,"3":0},"f":{"0":0,"1":0},"b":{"0":[0],"1":[0],"2":[0],"3":[0],"4":[0],"5":[0]},"_coverageSchema":"1a1c01bbd47fc00a2c39e90264f33305004495a9","hash":"f3128d60ddce799a02dbf75d6cdb22c6826b482e"}
,"D:\\01. STUDY\\BE_NODEJS45\\Express\\be_cyber_media\\src\\common\\prisma\\init.prisma.js": {"path":"D:\\01. STUDY\\BE_NODEJS45\\Express\\be_cyber_media\\src\\common\\prisma\\init.prisma.js","statementMap":{"0":{"start":{"line":3,"column":15},"end":{"line":11,"column":2}}},"fnMap":{},"branchMap":{},"s":{"0":1},"f":{},"b":{},"_coverageSchema":"1a1c01bbd47fc00a2c39e90264f33305004495a9","hash":"fceec258c639a4f8044e3e86ae080664ead46c0d"}
,"D:\\01. STUDY\\BE_NODEJS45\\Express\\be_cyber_media\\src\\services\\auth.service.js": {"path":"D:\\01. STUDY\\BE_NODEJS45\\Express\\be_cyber_media\\src\\services\\auth.service.js","statementMap":{"0":{"start":{"line":14,"column":20},"end":{"line":169,"column":1}},"1":{"start":{"line":16,"column":44},"end":{"line":16,"column":52}},"2":{"start":{"line":19,"column":23},"end":{"line":23,"column":6}},"3":{"start":{"line":24,"column":4},"end":{"line":26,"column":5}},"4":{"start":{"line":25,"column":6},"end":{"line":25,"column":72}},"5":{"start":{"line":28,"column":25},"end":{"line":28,"column":55}},"6":{"start":{"line":29,"column":20},"end":{"line":35,"column":6}},"7":{"start":{"line":38,"column":4},"end":{"line":38,"column":19}},"8":{"start":{"line":42,"column":33},"end":{"line":42,"column":41}},"9":{"start":{"line":47,"column":23},"end":{"line":55,"column":6}},"10":{"start":{"line":56,"column":4},"end":{"line":57,"column":73}},"11":{"start":{"line":57,"column":6},"end":{"line":57,"column":73}},"12":{"start":{"line":64,"column":21},"end":{"line":64,"column":41}},"13":{"start":{"line":66,"column":23},"end":{"line":66,"column":62}},"14":{"start":{"line":67,"column":4},"end":{"line":67,"column":75}},"15":{"start":{"line":67,"column":21},"end":{"line":67,"column":75}},"16":{"start":{"line":74,"column":19},"end":{"line":74,"column":56}},"17":{"start":{"line":76,"column":4},"end":{"line":76,"column":22}},"18":{"start":{"line":86,"column":41},"end":{"line":86,"column":49}},"19":{"start":{"line":90,"column":23},"end":{"line":100,"column":6}},"20":{"start":{"line":101,"column":4},"end":{"line":124,"column":5}},"21":{"start":{"line":103,"column":6},"end":{"line":112,"column":9}},"22":{"start":{"line":116,"column":6},"end":{"line":123,"column":9}},"23":{"start":{"line":127,"column":19},"end":{"line":127,"column":56}},"24":{"start":{"line":129,"column":4},"end":{"line":129,"column":22}},"25":{"start":{"line":141,"column":25},"end":{"line":141,"column":66}},"26":{"start":{"line":142,"column":24},"end":{"line":142,"column":53}},"27":{"start":{"line":145,"column":4},"end":{"line":145,"column":53}},"28":{"start":{"line":145,"column":23},"end":{"line":145,"column":53}},"29":{"start":{"line":146,"column":4},"end":{"line":146,"column":52}},"30":{"start":{"line":146,"column":22},"end":{"line":146,"column":52}},"31":{"start":{"line":149,"column":31},"end":{"line":149,"column":77}},"32":{"start":{"line":150,"column":30},"end":{"line":152,"column":6}},"33":{"start":{"line":154,"column":4},"end":{"line":155,"column":36}},"34":{"start":{"line":155,"column":6},"end":{"line":155,"column":36}},"35":{"start":{"line":158,"column":17},"end":{"line":162,"column":6}},"36":{"start":{"line":165,"column":19},"end":{"line":165,"column":50}},"37":{"start":{"line":167,"column":4},"end":{"line":167,"column":18}}},"fnMap":{"0":{"name":"(anonymous_0)","decl":{"start":{"line":15,"column":12},"end":{"line":15,"column":13}},"loc":{"start":{"line":15,"column":27},"end":{"line":39,"column":3}},"line":15},"1":{"name":"(anonymous_1)","decl":{"start":{"line":40,"column":9},"end":{"line":40,"column":10}},"loc":{"start":{"line":40,"column":24},"end":{"line":77,"column":3}},"line":40},"2":{"name":"(anonymous_2)","decl":{"start":{"line":84,"column":17},"end":{"line":84,"column":18}},"loc":{"start":{"line":84,"column":32},"end":{"line":130,"column":3}},"line":84},"3":{"name":"(anonymous_3)","decl":{"start":{"line":132,"column":16},"end":{"line":132,"column":17}},"loc":{"start":{"line":132,"column":31},"end":{"line":168,"column":3}},"line":132}},"branchMap":{"0":{"loc":{"start":{"line":24,"column":4},"end":{"line":26,"column":5}},"type":"if","locations":[{"start":{"line":24,"column":4},"end":{"line":26,"column":5}},{"start":{},"end":{}}],"line":24},"1":{"loc":{"start":{"line":56,"column":4},"end":{"line":57,"column":73}},"type":"if","locations":[{"start":{"line":56,"column":4},"end":{"line":57,"column":73}},{"start":{},"end":{}}],"line":56},"2":{"loc":{"start":{"line":67,"column":4},"end":{"line":67,"column":75}},"type":"if","locations":[{"start":{"line":67,"column":4},"end":{"line":67,"column":75}},{"start":{},"end":{}}],"line":67},"3":{"loc":{"start":{"line":101,"column":4},"end":{"line":124,"column":5}},"type":"if","locations":[{"start":{"line":101,"column":4},"end":{"line":124,"column":5}},{"start":{"line":114,"column":11},"end":{"line":124,"column":5}}],"line":101},"4":{"loc":{"start":{"line":109,"column":21},"end":{"line":109,"column":60}},"type":"cond-expr","locations":[{"start":{"line":109,"column":44},"end":{"line":109,"column":53}},{"start":{"line":109,"column":56},"end":{"line":109,"column":60}}],"line":109},"5":{"loc":{"start":{"line":110,"column":18},"end":{"line":110,"column":66}},"type":"cond-expr","locations":[{"start":{"line":110,"column":38},"end":{"line":110,"column":47}},{"start":{"line":110,"column":50},"end":{"line":110,"column":66}}],"line":110},"6":{"loc":{"start":{"line":145,"column":4},"end":{"line":145,"column":53}},"type":"if","locations":[{"start":{"line":145,"column":4},"end":{"line":145,"column":53}},{"start":{},"end":{}}],"line":145},"7":{"loc":{"start":{"line":146,"column":4},"end":{"line":146,"column":52}},"type":"if","locations":[{"start":{"line":146,"column":4},"end":{"line":146,"column":52}},{"start":{},"end":{}}],"line":146},"8":{"loc":{"start":{"line":154,"column":4},"end":{"line":155,"column":36}},"type":"if","locations":[{"start":{"line":154,"column":4},"end":{"line":155,"column":36}},{"start":{},"end":{}}],"line":154}},"s":{"0":1,"1":1,"2":1,"3":1,"4":0,"5":1,"6":1,"7":1,"8":0,"9":0,"10":0,"11":0,"12":0,"13":0,"14":0,"15":0,"16":0,"17":0,"18":0,"19":0,"20":0,"21":0,"22":0,"23":0,"24":0,"25":0,"26":0,"27":0,"28":0,"29":0,"30":0,"31":0,"32":0,"33":0,"34":0,"35":0,"36":0,"37":0},"f":{"0":1,"1":0,"2":0,"3":0},"b":{"0":[0,1],"1":[0,0],"2":[0,0],"3":[0,0],"4":[0,0],"5":[0,0],"6":[0,0],"7":[0,0],"8":[0,0]},"_coverageSchema":"1a1c01bbd47fc00a2c39e90264f33305004495a9","hash":"5f1b4c6e177d65424dd592fe534606616d916525"}
,"D:\\01. STUDY\\BE_NODEJS45\\Express\\be_cyber_media\\src\\services\\token.service.js": {"path":"D:\\01. STUDY\\BE_NODEJS45\\Express\\be_cyber_media\\src\\services\\token.service.js","statementMap":{"0":{"start":{"line":9,"column":21},"end":{"line":32,"column":1}},"1":{"start":{"line":12,"column":24},"end":{"line":18,"column":5}},"2":{"start":{"line":23,"column":25},"end":{"line":29,"column":5}},"3":{"start":{"line":30,"column":4},"end":{"line":30,"column":41}}},"fnMap":{"0":{"name":"(anonymous_0)","decl":{"start":{"line":10,"column":16},"end":{"line":10,"column":17}},"loc":{"start":{"line":10,"column":26},"end":{"line":31,"column":3}},"line":10}},"branchMap":{},"s":{"0":1,"1":0,"2":0,"3":0},"f":{"0":0},"b":{},"_coverageSchema":"1a1c01bbd47fc00a2c39e90264f33305004495a9","hash":"87706d4bde2f9a94e38cce10ecc8e87623074446"}
}
