TN:
SF:src\common\constant\app.constant.js
FNF:0
FNH:0
DA:1,1
DA:2,1
DA:4,1
DA:5,1
LF:4
LH:4
BRF:0
BRH:0
end_of_record
TN:
SF:src\common\helpers\error.helper.js
FN:6,(anonymous_0)
FN:29,(anonymous_1)
FN:37,(anonymous_2)
FN:45,(anonymous_3)
FNF:4
FNH:0
FNDA:0,(anonymous_0)
FNDA:0,(anonymous_1)
FNDA:0,(anonymous_2)
FNDA:0,(anonymous_3)
DA:3,1
DA:6,1
DA:7,0
DA:12,0
DA:13,0
DA:14,0
DA:17,0
DA:18,0
DA:19,0
DA:22,0
DA:23,0
DA:30,0
DA:31,0
DA:38,0
DA:39,0
DA:46,0
DA:47,0
LF:17
LH:2
BRDA:12,0,0,0
BRDA:12,0,1,0
BRDA:17,1,0,0
BRDA:17,1,1,0
BRDA:29,2,0,0
BRDA:37,3,0,0
BRDA:45,4,0,0
BRF:7
BRH:0
end_of_record
TN:
SF:src\common\helpers\response.helper.js
FN:3,(anonymous_0)
FN:18,(anonymous_1)
FNF:2
FNH:0
FNDA:0,(anonymous_0)
FNDA:0,(anonymous_1)
DA:3,1
DA:8,0
DA:18,1
DA:23,0
LF:4
LH:2
BRDA:4,0,0,0
BRDA:5,1,0,0
BRDA:6,2,0,0
BRDA:19,3,0,0
BRDA:20,4,0,0
BRDA:21,5,0,0
BRF:6
BRH:0
end_of_record
TN:
SF:src\common\prisma\init.prisma.js
FNF:0
FNH:0
DA:3,1
LF:1
LH:1
BRF:0
BRH:0
end_of_record
TN:
SF:src\services\auth.service.js
FN:15,(anonymous_0)
FN:40,(anonymous_1)
FN:84,(anonymous_2)
FN:132,(anonymous_3)
FNF:4
FNH:1
FNDA:1,(anonymous_0)
FNDA:0,(anonymous_1)
FNDA:0,(anonymous_2)
FNDA:0,(anonymous_3)
DA:14,1
DA:16,1
DA:19,1
DA:24,1
DA:25,0
DA:28,1
DA:29,1
DA:38,1
DA:42,0
DA:47,0
DA:56,0
DA:57,0
DA:64,0
DA:66,0
DA:67,0
DA:74,0
DA:76,0
DA:86,0
DA:90,0
DA:101,0
DA:103,0
DA:116,0
DA:127,0
DA:129,0
DA:141,0
DA:142,0
DA:145,0
DA:146,0
DA:149,0
DA:150,0
DA:154,0
DA:155,0
DA:158,0
DA:165,0
DA:167,0
LF:35
LH:7
BRDA:24,0,0,0
BRDA:24,0,1,1
BRDA:56,1,0,0
BRDA:56,1,1,0
BRDA:67,2,0,0
BRDA:67,2,1,0
BRDA:101,3,0,0
BRDA:101,3,1,0
BRDA:109,4,0,0
BRDA:109,4,1,0
BRDA:110,5,0,0
BRDA:110,5,1,0
BRDA:145,6,0,0
BRDA:145,6,1,0
BRDA:146,7,0,0
BRDA:146,7,1,0
BRDA:154,8,0,0
BRDA:154,8,1,0
BRF:18
BRH:1
end_of_record
TN:
SF:src\services\token.service.js
FN:10,(anonymous_0)
FNF:1
FNH:0
FNDA:0,(anonymous_0)
DA:9,1
DA:12,0
DA:23,0
DA:30,0
LF:4
LH:1
BRF:0
BRH:0
end_of_record
